mode: atomic
jsfinder/pkg/scanner/scanner.go:50.35,63.2 4 8
jsfinder/pkg/scanner/scanner.go:66.56,68.16 2 0
jsfinder/pkg/scanner/scanner.go:68.16,70.3 1 0
jsfinder/pkg/scanner/scanner.go:71.2,73.31 2 0
jsfinder/pkg/scanner/scanner.go:77.41,79.2 1 0
jsfinder/pkg/scanner/scanner.go:81.58,86.21 4 1
jsfinder/pkg/scanner/scanner.go:86.21,88.18 2 1
jsfinder/pkg/scanner/scanner.go:88.18,90.24 2 1
jsfinder/pkg/scanner/scanner.go:90.24,93.18 3 1
jsfinder/pkg/scanner/scanner.go:93.18,93.33 1 1
jsfinder/pkg/scanner/scanner.go:95.5,95.65 1 1
jsfinder/pkg/scanner/scanner.go:95.65,97.6 1 0
jsfinder/pkg/scanner/scanner.go:102.2,104.38 2 1
jsfinder/pkg/scanner/scanner.go:104.38,106.3 1 0
jsfinder/pkg/scanner/scanner.go:108.2,108.26 1 1
jsfinder/pkg/scanner/scanner.go:111.50,112.22 1 2
jsfinder/pkg/scanner/scanner.go:112.22,114.3 1 0
jsfinder/pkg/scanner/scanner.go:116.2,117.16 2 2
jsfinder/pkg/scanner/scanner.go:117.16,119.3 1 0
jsfinder/pkg/scanner/scanner.go:120.2,122.38 2 2
jsfinder/pkg/scanner/scanner.go:122.38,124.3 1 0
jsfinder/pkg/scanner/scanner.go:126.2,127.16 2 2
jsfinder/pkg/scanner/scanner.go:127.16,129.3 1 0
jsfinder/pkg/scanner/scanner.go:131.2,134.35 3 2
jsfinder/pkg/scanner/scanner.go:134.35,136.3 1 14
jsfinder/pkg/scanner/scanner.go:138.2,138.12 1 2
jsfinder/pkg/scanner/scanner.go:141.64,142.47 1 21
jsfinder/pkg/scanner/scanner.go:142.47,144.33 2 378
jsfinder/pkg/scanner/scanner.go:144.33,145.22 1 12
jsfinder/pkg/scanner/scanner.go:145.22,161.25 5 12
jsfinder/pkg/scanner/scanner.go:161.25,163.6 1 0
jsfinder/pkg/scanner/scanner.go:169.40,219.2 1 8
jsfinder/pkg/scanner/scanner.go:221.57,223.17 2 14
jsfinder/pkg/scanner/scanner.go:223.17,225.3 1 0
jsfinder/pkg/scanner/scanner.go:227.2,228.15 2 14
jsfinder/pkg/scanner/scanner.go:228.15,230.3 1 13
jsfinder/pkg/scanner/scanner.go:232.2,233.21 2 14
jsfinder/pkg/scanner/scanner.go:233.21,235.3 1 14
jsfinder/pkg/scanner/scanner.go:237.2,237.24 1 14
jsfinder/pkg/scanner/scanner.go:240.67,241.21 1 19
jsfinder/pkg/scanner/scanner.go:242.61,243.16 1 6
jsfinder/pkg/scanner/scanner.go:244.64,245.16 1 4
jsfinder/pkg/scanner/scanner.go:246.42,247.18 1 6
jsfinder/pkg/scanner/scanner.go:248.34,249.18 1 0
jsfinder/pkg/scanner/scanner.go:250.43,251.15 1 2
jsfinder/pkg/scanner/scanner.go:252.10,253.15 1 1
jsfinder/pkg/scanner/scanner.go:257.61,279.55 2 16
jsfinder/pkg/scanner/scanner.go:279.55,281.3 1 15
jsfinder/pkg/scanner/scanner.go:282.2,282.31 1 1
jsfinder/pkg/scanner/scanner.go:285.41,286.25 1 1
jsfinder/pkg/scanner/scanner.go:286.25,287.23 1 0
jsfinder/pkg/scanner/scanner.go:287.23,289.4 1 0
jsfinder/pkg/scanner/scanner.go:290.3,290.13 1 0
jsfinder/pkg/scanner/scanner.go:293.2,294.31 2 1
jsfinder/pkg/scanner/scanner.go:294.31,296.17 2 0
jsfinder/pkg/scanner/scanner.go:296.17,298.4 1 0
jsfinder/pkg/scanner/scanner.go:299.3,300.16 2 0
jsfinder/pkg/scanner/scanner.go:301.8,303.3 1 1
jsfinder/pkg/scanner/scanner.go:305.2,305.42 1 1
jsfinder/pkg/scanner/scanner.go:306.14,307.30 1 1
jsfinder/pkg/scanner/scanner.go:308.13,309.29 1 0
jsfinder/pkg/scanner/scanner.go:310.13,311.30 1 0
jsfinder/pkg/scanner/scanner.go:312.10,313.30 1 0
jsfinder/pkg/scanner/scanner.go:317.54,321.2 3 2
jsfinder/pkg/scanner/scanner.go:323.53,329.45 4 0
jsfinder/pkg/scanner/scanner.go:329.45,331.3 1 0
jsfinder/pkg/scanner/scanner.go:334.2,334.36 1 0
jsfinder/pkg/scanner/scanner.go:334.36,344.46 2 0
jsfinder/pkg/scanner/scanner.go:344.46,346.4 1 0
jsfinder/pkg/scanner/scanner.go:349.2,349.12 1 0
jsfinder/pkg/scanner/scanner.go:352.54,353.36 1 0
jsfinder/pkg/scanner/scanner.go:353.36,361.3 7 0
jsfinder/pkg/scanner/scanner.go:362.2,362.12 1 0
jsfinder/cmd/crawl.go:28.13,38.2 8 0
jsfinder/cmd/crawl.go:40.56,53.18 3 0
jsfinder/cmd/crawl.go:53.18,56.3 1 0
jsfinder/cmd/crawl.go:56.8,59.3 1 0
jsfinder/cmd/discover.go:29.13,43.2 10 0
jsfinder/cmd/discover.go:45.59,60.29 3 0
jsfinder/cmd/discover.go:60.29,63.3 1 0
jsfinder/cmd/discover.go:63.8,66.3 1 0
jsfinder/cmd/root.go:20.22,22.2 1 0
jsfinder/cmd/root.go:24.13,28.2 2 0
jsfinder/cmd/scan.go:27.13,36.2 7 0
jsfinder/cmd/scan.go:38.55,51.25 3 0
jsfinder/cmd/scan.go:51.25,54.3 1 0
jsfinder/cmd/scan.go:54.8,57.3 1 0
jsfinder/main.go:10.13,11.38 1 0
jsfinder/main.go:11.38,14.3 2 0
jsfinder/pkg/discovery/discovery.go:57.37,60.69 1 10
jsfinder/pkg/discovery/discovery.go:60.69,61.39 1 0
jsfinder/pkg/discovery/discovery.go:61.39,63.5 1 0
jsfinder/pkg/discovery/discovery.go:64.4,64.14 1 0
jsfinder/pkg/discovery/discovery.go:68.2,76.18 3 10
jsfinder/pkg/discovery/discovery.go:80.62,82.16 2 1
jsfinder/pkg/discovery/discovery.go:82.16,84.3 1 1
jsfinder/pkg/discovery/discovery.go:85.2,87.35 2 0
jsfinder/pkg/discovery/discovery.go:91.47,93.2 1 1
jsfinder/pkg/discovery/discovery.go:95.64,97.41 1 1
jsfinder/pkg/discovery/discovery.go:97.41,99.3 1 1
jsfinder/pkg/discovery/discovery.go:101.2,101.22 1 0
jsfinder/pkg/discovery/discovery.go:101.22,103.3 1 0
jsfinder/pkg/discovery/discovery.go:106.2,107.21 2 0
jsfinder/pkg/discovery/discovery.go:107.21,109.18 2 0
jsfinder/pkg/discovery/discovery.go:109.18,110.71 1 0
jsfinder/pkg/discovery/discovery.go:110.71,112.5 1 0
jsfinder/pkg/discovery/discovery.go:116.2,116.38 1 0
jsfinder/pkg/discovery/discovery.go:116.38,118.3 1 0
jsfinder/pkg/discovery/discovery.go:120.2,120.22 1 0
jsfinder/pkg/discovery/discovery.go:120.22,122.3 1 0
jsfinder/pkg/discovery/discovery.go:125.2,125.46 1 0
jsfinder/pkg/discovery/discovery.go:125.46,127.3 1 0
jsfinder/pkg/discovery/discovery.go:129.2,129.26 1 0
jsfinder/pkg/discovery/discovery.go:132.42,134.16 2 2
jsfinder/pkg/discovery/discovery.go:134.16,136.3 1 2
jsfinder/pkg/discovery/discovery.go:137.2,140.21 3 0
jsfinder/pkg/discovery/discovery.go:140.21,142.50 2 0
jsfinder/pkg/discovery/discovery.go:142.50,144.4 1 0
jsfinder/pkg/discovery/discovery.go:147.2,147.22 1 0
jsfinder/pkg/discovery/discovery.go:150.57,152.16 2 0
jsfinder/pkg/discovery/discovery.go:152.16,154.3 1 0
jsfinder/pkg/discovery/discovery.go:155.2,157.38 2 0
jsfinder/pkg/discovery/discovery.go:157.38,159.3 1 0
jsfinder/pkg/discovery/discovery.go:161.2,162.16 2 0
jsfinder/pkg/discovery/discovery.go:162.16,164.3 1 0
jsfinder/pkg/discovery/discovery.go:166.2,179.35 3 0
jsfinder/pkg/discovery/discovery.go:179.35,181.33 2 0
jsfinder/pkg/discovery/discovery.go:181.33,182.22 1 0
jsfinder/pkg/discovery/discovery.go:182.22,184.22 2 0
jsfinder/pkg/discovery/discovery.go:184.22,188.6 3 0
jsfinder/pkg/discovery/discovery.go:194.2,195.16 2 0
jsfinder/pkg/discovery/discovery.go:195.16,200.3 4 0
jsfinder/pkg/discovery/discovery.go:202.2,202.12 1 0
jsfinder/pkg/discovery/discovery.go:205.58,207.16 2 4
jsfinder/pkg/discovery/discovery.go:207.16,209.3 1 0
jsfinder/pkg/discovery/discovery.go:211.2,211.52 1 4
jsfinder/pkg/discovery/discovery.go:211.52,213.3 1 1
jsfinder/pkg/discovery/discovery.go:215.2,215.65 1 3
jsfinder/pkg/discovery/discovery.go:218.47,222.34 3 1
jsfinder/pkg/discovery/discovery.go:222.34,223.35 1 1
jsfinder/pkg/discovery/discovery.go:223.35,225.35 2 3
jsfinder/pkg/discovery/discovery.go:225.35,228.18 3 3
jsfinder/pkg/discovery/discovery.go:228.18,228.33 1 3
jsfinder/pkg/discovery/discovery.go:230.5,230.35 1 3
jsfinder/pkg/discovery/discovery.go:235.2,236.12 2 1
jsfinder/pkg/discovery/discovery.go:239.60,250.39 2 3
jsfinder/pkg/discovery/discovery.go:250.39,253.3 2 18
jsfinder/pkg/discovery/discovery.go:256.65,260.16 3 21
jsfinder/pkg/discovery/discovery.go:260.16,262.3 1 3
jsfinder/pkg/discovery/discovery.go:264.2,268.16 4 18
jsfinder/pkg/discovery/discovery.go:268.16,270.3 1 0
jsfinder/pkg/discovery/discovery.go:271.2,276.38 3 18
jsfinder/pkg/discovery/discovery.go:276.38,278.3 1 14
jsfinder/pkg/discovery/discovery.go:280.2,281.25 2 4
jsfinder/pkg/discovery/discovery.go:281.25,284.17 2 0
jsfinder/pkg/discovery/discovery.go:284.17,286.4 1 0
jsfinder/pkg/discovery/discovery.go:289.2,293.42 3 4
jsfinder/pkg/discovery/discovery.go:293.42,295.3 1 0
jsfinder/pkg/discovery/discovery.go:297.2,312.22 5 4
jsfinder/pkg/discovery/discovery.go:312.22,314.3 1 0
jsfinder/pkg/discovery/discovery.go:317.41,320.34 3 10
jsfinder/pkg/discovery/discovery.go:320.34,322.17 2 19
jsfinder/pkg/discovery/discovery.go:322.17,324.4 1 16
jsfinder/pkg/discovery/discovery.go:328.43,329.25 1 0
jsfinder/pkg/discovery/discovery.go:329.25,330.23 1 0
jsfinder/pkg/discovery/discovery.go:330.23,332.4 1 0
jsfinder/pkg/discovery/discovery.go:333.3,333.13 1 0
jsfinder/pkg/discovery/discovery.go:336.2,337.31 2 0
jsfinder/pkg/discovery/discovery.go:337.31,339.17 2 0
jsfinder/pkg/discovery/discovery.go:339.17,341.4 1 0
jsfinder/pkg/discovery/discovery.go:342.3,343.16 2 0
jsfinder/pkg/discovery/discovery.go:344.8,346.3 1 0
jsfinder/pkg/discovery/discovery.go:349.2,349.53 1 0
jsfinder/pkg/discovery/discovery.go:349.53,351.3 1 0
jsfinder/pkg/discovery/discovery.go:351.8,353.3 1 0
jsfinder/pkg/discovery/discovery.go:356.56,360.2 3 0
jsfinder/pkg/discovery/discovery.go:362.55,368.45 4 0
jsfinder/pkg/discovery/discovery.go:368.45,370.3 1 0
jsfinder/pkg/discovery/discovery.go:373.2,373.37 1 0
jsfinder/pkg/discovery/discovery.go:373.37,384.46 2 0
jsfinder/pkg/discovery/discovery.go:384.46,386.4 1 0
jsfinder/pkg/discovery/discovery.go:389.2,389.12 1 0
jsfinder/pkg/utils/config.go:59.53,60.22 1 0
jsfinder/pkg/utils/config.go:60.22,69.37 2 0
jsfinder/pkg/utils/config.go:69.37,70.43 1 0
jsfinder/pkg/utils/config.go:70.43,72.10 2 0
jsfinder/pkg/utils/config.go:76.3,76.23 1 0
jsfinder/pkg/utils/config.go:76.23,79.4 1 0
jsfinder/pkg/utils/config.go:82.2,83.16 2 0
jsfinder/pkg/utils/config.go:83.16,85.3 1 0
jsfinder/pkg/utils/config.go:87.2,88.54 2 0
jsfinder/pkg/utils/config.go:88.54,90.3 1 0
jsfinder/pkg/utils/config.go:93.2,96.21 3 0
jsfinder/pkg/utils/config.go:100.75,103.46 2 0
jsfinder/pkg/utils/config.go:103.46,105.37 1 0
jsfinder/pkg/utils/config.go:105.37,106.12 1 0
jsfinder/pkg/utils/config.go:109.3,110.17 2 0
jsfinder/pkg/utils/config.go:110.17,112.4 1 0
jsfinder/pkg/utils/config.go:114.3,114.28 1 0
jsfinder/pkg/utils/config.go:117.2,117.22 1 0
jsfinder/pkg/utils/config.go:121.58,123.16 2 0
jsfinder/pkg/utils/config.go:123.16,125.3 1 0
jsfinder/pkg/utils/config.go:127.2,127.45 1 0
jsfinder/pkg/utils/config.go:130.33,161.2 1 0
jsfinder/pkg/utils/config.go:163.52,202.2 1 0
jsfinder/pkg/utils/config.go:204.43,206.45 1 0
jsfinder/pkg/utils/config.go:206.45,207.50 1 0
jsfinder/pkg/utils/config.go:207.50,208.30 1 0
jsfinder/pkg/utils/config.go:208.30,210.5 1 0
jsfinder/pkg/utils/config.go:211.4,211.35 1 0
jsfinder/pkg/utils/config.go:216.2,216.34 1 0
jsfinder/pkg/utils/config.go:216.34,218.3 1 0
jsfinder/pkg/utils/config.go:219.2,219.33 1 0
jsfinder/pkg/utils/config.go:219.33,221.3 1 0
jsfinder/pkg/utils/config.go:222.2,222.33 1 0
jsfinder/pkg/utils/config.go:222.33,224.3 1 0
jsfinder/pkg/utils/config.go:225.2,225.36 1 0
jsfinder/pkg/utils/config.go:225.36,227.3 1 0
jsfinder/pkg/utils/config.go:230.2,230.33 1 0
jsfinder/pkg/utils/config.go:230.33,232.3 1 0
jsfinder/pkg/utils/config.go:233.2,233.33 1 0
jsfinder/pkg/utils/config.go:233.33,235.3 1 0
jsfinder/pkg/utils/config.go:236.2,236.39 1 0
jsfinder/pkg/utils/config.go:236.39,238.3 1 0
jsfinder/pkg/utils/config.go:241.2,241.35 1 0
jsfinder/pkg/utils/config.go:241.35,243.3 1 0
jsfinder/pkg/utils/config.go:244.2,244.35 1 0
jsfinder/pkg/utils/config.go:244.35,246.3 1 0
jsfinder/pkg/utils/config.go:247.2,247.40 1 0
jsfinder/pkg/utils/config.go:247.40,249.3 1 0
jsfinder/pkg/utils/config.go:250.2,250.41 1 0
jsfinder/pkg/utils/config.go:250.41,252.3 1 0
jsfinder/pkg/utils/config.go:253.2,253.38 1 0
jsfinder/pkg/utils/config.go:253.38,255.3 1 0
jsfinder/pkg/utils/errors.go:27.36,28.11 1 0
jsfinder/pkg/utils/errors.go:29.20,30.25 1 0
jsfinder/pkg/utils/errors.go:31.20,32.25 1 0
jsfinder/pkg/utils/errors.go:33.17,34.22 1 0
jsfinder/pkg/utils/errors.go:35.18,36.23 1 0
jsfinder/pkg/utils/errors.go:37.19,38.24 1 0
jsfinder/pkg/utils/errors.go:39.23,40.28 1 0
jsfinder/pkg/utils/errors.go:41.17,42.22 1 0
jsfinder/pkg/utils/errors.go:43.10,44.25 1 0
jsfinder/pkg/utils/errors.go:59.35,60.20 1 0
jsfinder/pkg/utils/errors.go:60.20,62.3 1 0
jsfinder/pkg/utils/errors.go:63.2,63.58 1 0
jsfinder/pkg/utils/errors.go:67.35,69.2 1 0
jsfinder/pkg/utils/errors.go:72.39,74.2 1 0
jsfinder/pkg/utils/errors.go:77.73,78.22 1 0
jsfinder/pkg/utils/errors.go:78.22,80.3 1 0
jsfinder/pkg/utils/errors.go:81.2,82.10 2 0
jsfinder/pkg/utils/errors.go:86.73,95.2 1 0
jsfinder/pkg/utils/errors.go:98.61,100.2 1 0
jsfinder/pkg/utils/errors.go:103.61,105.2 1 0
jsfinder/pkg/utils/errors.go:108.74,112.2 3 0
jsfinder/pkg/utils/errors.go:115.59,117.2 1 0
jsfinder/pkg/utils/errors.go:120.60,122.2 1 0
jsfinder/pkg/utils/errors.go:125.64,127.2 1 0
jsfinder/pkg/utils/errors.go:130.58,132.2 1 0
jsfinder/pkg/utils/errors.go:135.60,136.17 1 0
jsfinder/pkg/utils/errors.go:137.34,138.14 1 0
jsfinder/pkg/utils/errors.go:139.17,142.14 1 0
jsfinder/pkg/utils/errors.go:143.10,144.15 1 0
jsfinder/pkg/utils/errors.go:149.37,150.39 1 0
jsfinder/pkg/utils/errors.go:150.39,152.3 1 0
jsfinder/pkg/utils/errors.go:155.2,156.29 2 0
jsfinder/pkg/utils/errors.go:156.29,158.3 1 0
jsfinder/pkg/utils/errors.go:161.2,162.29 2 0
jsfinder/pkg/utils/errors.go:162.29,164.3 1 0
jsfinder/pkg/utils/errors.go:166.2,166.14 1 0
jsfinder/pkg/utils/errors.go:170.37,171.39 1 0
jsfinder/pkg/utils/errors.go:171.39,173.3 1 0
jsfinder/pkg/utils/errors.go:176.2,177.49 2 0
jsfinder/pkg/utils/errors.go:177.49,179.3 1 0
jsfinder/pkg/utils/errors.go:182.2,182.46 1 0
jsfinder/pkg/utils/errors.go:182.46,184.3 1 0
jsfinder/pkg/utils/errors.go:186.2,186.14 1 0
jsfinder/pkg/utils/errors.go:190.39,191.39 1 0
jsfinder/pkg/utils/errors.go:191.39,193.3 1 0
jsfinder/pkg/utils/errors.go:196.2,196.48 1 0
jsfinder/pkg/utils/errors.go:196.48,198.3 1 0
jsfinder/pkg/utils/errors.go:200.2,200.14 1 0
jsfinder/pkg/utils/errors.go:204.49,205.16 1 0
jsfinder/pkg/utils/errors.go:205.16,207.3 1 0
jsfinder/pkg/utils/errors.go:209.2,209.39 1 0
jsfinder/pkg/utils/errors.go:209.39,218.3 1 0
jsfinder/pkg/utils/errors.go:221.2,222.25 2 0
jsfinder/pkg/utils/errors.go:222.25,224.3 1 0
jsfinder/pkg/utils/errors.go:224.8,224.32 1 0
jsfinder/pkg/utils/errors.go:224.32,226.3 1 0
jsfinder/pkg/utils/errors.go:226.8,226.51 1 0
jsfinder/pkg/utils/errors.go:226.51,228.3 1 0
jsfinder/pkg/utils/errors.go:230.2,230.40 1 0
jsfinder/pkg/utils/errors.go:234.74,235.16 1 0
jsfinder/pkg/utils/errors.go:235.16,237.3 1 0
jsfinder/pkg/utils/errors.go:239.2,241.39 2 0
jsfinder/pkg/utils/errors.go:241.39,244.36 2 0
jsfinder/pkg/utils/errors.go:244.36,246.4 1 0
jsfinder/pkg/utils/errors.go:247.3,247.29 1 0
jsfinder/pkg/utils/errors.go:247.29,249.4 1 0
jsfinder/pkg/utils/errors.go:252.3,255.22 2 0
jsfinder/pkg/utils/errors.go:256.35,257.36 1 0
jsfinder/pkg/utils/errors.go:258.18,259.86 1 0
jsfinder/pkg/utils/errors.go:259.86,261.5 1 0
jsfinder/pkg/utils/errors.go:261.10,263.5 1 0
jsfinder/pkg/utils/errors.go:264.37,265.37 1 0
jsfinder/pkg/utils/errors.go:266.11,267.37 1 0
jsfinder/pkg/utils/errors.go:269.8,271.23 1 0
jsfinder/pkg/utils/errors.go:271.23,274.4 2 0
jsfinder/pkg/utils/errors.go:274.9,276.4 1 0
jsfinder/pkg/utils/errors.go:281.49,282.19 1 0
jsfinder/pkg/utils/errors.go:282.19,284.3 1 0
jsfinder/pkg/utils/errors.go:285.2,285.22 1 0
jsfinder/pkg/utils/errors.go:289.73,291.26 2 0
jsfinder/pkg/utils/errors.go:291.26,293.3 1 0
jsfinder/pkg/utils/errors.go:294.2,294.15 1 0
jsfinder/pkg/utils/errors.go:301.55,302.31 1 0
jsfinder/pkg/utils/errors.go:302.31,305.3 2 0
jsfinder/pkg/utils/errors.go:309.55,310.31 1 0
jsfinder/pkg/utils/errors.go:310.31,311.31 1 0
jsfinder/pkg/utils/errors.go:311.31,318.4 3 0
jsfinder/pkg/utils/errors.go:319.3,319.13 1 0
jsfinder/pkg/utils/logger.go:23.35,24.11 1 13
jsfinder/pkg/utils/logger.go:25.13,26.17 1 1
jsfinder/pkg/utils/logger.go:27.12,28.16 1 5
jsfinder/pkg/utils/logger.go:29.12,30.16 1 4
jsfinder/pkg/utils/logger.go:31.13,32.17 1 3
jsfinder/pkg/utils/logger.go:33.13,34.17 1 0
jsfinder/pkg/utils/logger.go:35.10,36.19 1 0
jsfinder/pkg/utils/logger.go:48.58,49.19 1 18
jsfinder/pkg/utils/logger.go:49.19,51.3 1 1
jsfinder/pkg/utils/logger.go:53.2,57.3 1 18
jsfinder/pkg/utils/logger.go:61.33,63.2 1 2
jsfinder/pkg/utils/logger.go:66.43,68.2 1 1
jsfinder/pkg/utils/logger.go:71.46,74.2 2 1
jsfinder/pkg/utils/logger.go:77.57,79.2 1 4
jsfinder/pkg/utils/logger.go:82.56,84.2 1 4
jsfinder/pkg/utils/logger.go:87.56,89.2 1 4
jsfinder/pkg/utils/logger.go:92.57,94.2 1 3
jsfinder/pkg/utils/logger.go:97.57,100.2 2 0
jsfinder/pkg/utils/logger.go:103.61,105.2 1 0
jsfinder/pkg/utils/logger.go:108.60,110.2 1 1
jsfinder/pkg/utils/logger.go:113.60,115.2 1 0
jsfinder/pkg/utils/logger.go:118.61,120.2 1 0
jsfinder/pkg/utils/logger.go:123.61,126.2 2 0
jsfinder/pkg/utils/logger.go:129.60,134.2 1 0
jsfinder/pkg/utils/logger.go:137.68,142.2 1 1
jsfinder/pkg/utils/logger.go:144.71,145.21 1 15
jsfinder/pkg/utils/logger.go:145.21,147.3 1 4
jsfinder/pkg/utils/logger.go:149.2,152.19 3 11
jsfinder/pkg/utils/logger.go:152.19,154.3 1 0
jsfinder/pkg/utils/logger.go:156.2,157.26 2 11
jsfinder/pkg/utils/logger.go:160.75,161.21 1 1
jsfinder/pkg/utils/logger.go:161.21,163.3 1 0
jsfinder/pkg/utils/logger.go:165.2,170.26 5 1
jsfinder/pkg/utils/logger.go:180.63,182.2 1 0
jsfinder/pkg/utils/logger.go:185.62,187.2 1 1
jsfinder/pkg/utils/logger.go:190.62,192.2 1 0
jsfinder/pkg/utils/logger.go:195.63,197.2 1 0
jsfinder/pkg/utils/logger.go:200.63,203.2 2 0
jsfinder/pkg/utils/logger.go:206.66,208.30 2 0
jsfinder/pkg/utils/logger.go:208.30,210.3 1 0
jsfinder/pkg/utils/logger.go:211.2,216.3 2 0
jsfinder/pkg/utils/logger.go:219.77,220.29 1 1
jsfinder/pkg/utils/logger.go:220.29,222.3 1 0
jsfinder/pkg/utils/logger.go:224.2,227.19 3 1
jsfinder/pkg/utils/logger.go:227.19,229.3 1 0
jsfinder/pkg/utils/logger.go:232.2,233.36 2 1
jsfinder/pkg/utils/logger.go:233.36,234.22 1 2
jsfinder/pkg/utils/logger.go:234.22,236.4 1 1
jsfinder/pkg/utils/logger.go:237.3,237.48 1 2
jsfinder/pkg/utils/logger.go:240.2,241.21 2 1
jsfinder/pkg/utils/logger.go:241.21,243.3 1 1
jsfinder/pkg/utils/logger.go:245.2,245.34 1 1
jsfinder/pkg/utils/logger.go:252.45,254.2 1 0
jsfinder/pkg/utils/logger.go:256.44,258.2 1 0
jsfinder/pkg/utils/logger.go:260.44,262.2 1 0
jsfinder/pkg/utils/logger.go:264.45,266.2 1 0
jsfinder/pkg/utils/logger.go:268.45,270.2 1 0
jsfinder/pkg/utils/logger.go:272.49,274.2 1 0
jsfinder/pkg/utils/logger.go:276.48,278.2 1 0
jsfinder/pkg/utils/logger.go:280.48,282.2 1 0
jsfinder/pkg/utils/logger.go:284.49,286.2 1 0
jsfinder/pkg/utils/logger.go:288.49,290.2 1 0
jsfinder/pkg/utils/logger.go:293.37,295.2 1 0
jsfinder/pkg/utils/logger.go:298.40,300.2 1 0
jsfinder/pkg/utils/retry.go:23.40,37.2 1 0
jsfinder/pkg/utils/retry.go:40.40,54.2 1 0
jsfinder/pkg/utils/retry.go:57.38,70.2 1 0
jsfinder/pkg/utils/retry.go:85.101,86.19 1 0
jsfinder/pkg/utils/retry.go:86.19,88.3 1 0
jsfinder/pkg/utils/retry.go:90.2,90.19 1 0
jsfinder/pkg/utils/retry.go:90.19,92.3 1 0
jsfinder/pkg/utils/retry.go:94.2,103.61 5 0
jsfinder/pkg/utils/retry.go:103.61,107.10 2 0
jsfinder/pkg/utils/retry.go:108.21,112.17 4 0
jsfinder/pkg/utils/retry.go:113.11,113.11 0 0
jsfinder/pkg/utils/retry.go:117.3,118.17 2 0
jsfinder/pkg/utils/retry.go:118.17,123.4 4 0
jsfinder/pkg/utils/retry.go:125.3,129.53 3 0
jsfinder/pkg/utils/retry.go:129.53,133.4 3 0
jsfinder/pkg/utils/retry.go:136.3,136.36 1 0
jsfinder/pkg/utils/retry.go:136.36,138.9 2 0
jsfinder/pkg/utils/retry.go:142.3,146.10 3 0
jsfinder/pkg/utils/retry.go:147.21,151.17 4 0
jsfinder/pkg/utils/retry.go:152.28,152.28 0 0
jsfinder/pkg/utils/retry.go:157.2,158.15 2 0
jsfinder/pkg/utils/retry.go:163.70,165.47 1 0
jsfinder/pkg/utils/retry.go:165.47,167.22 2 0
jsfinder/pkg/utils/retry.go:167.22,171.4 1 0
jsfinder/pkg/utils/retry.go:172.3,172.13 1 0
jsfinder/pkg/utils/retry.go:175.2,175.46 1 0
jsfinder/pkg/utils/retry.go:179.113,180.17 1 0
jsfinder/pkg/utils/retry.go:180.17,182.3 1 0
jsfinder/pkg/utils/retry.go:183.2,183.21 1 0
jsfinder/pkg/utils/retry.go:183.22,183.23 0 0
jsfinder/pkg/utils/retry.go:187.68,188.16 1 0
jsfinder/pkg/utils/retry.go:188.16,190.3 1 0
jsfinder/pkg/utils/retry.go:193.2,193.39 1 0
jsfinder/pkg/utils/retry.go:193.39,194.43 1 0
jsfinder/pkg/utils/retry.go:194.43,195.30 1 0
jsfinder/pkg/utils/retry.go:195.30,197.5 1 0
jsfinder/pkg/utils/retry.go:199.3,199.15 1 0
jsfinder/pkg/utils/retry.go:203.2,203.30 1 0
jsfinder/pkg/utils/retry.go:207.69,212.38 2 0
jsfinder/pkg/utils/retry.go:212.38,214.3 1 0
jsfinder/pkg/utils/retry.go:217.2,217.19 1 0
jsfinder/pkg/utils/retry.go:217.19,224.16 4 0
jsfinder/pkg/utils/retry.go:224.16,226.4 1 0
jsfinder/pkg/utils/retry.go:229.2,229.29 1 0
jsfinder/pkg/utils/retry.go:233.84,235.2 1 0
jsfinder/pkg/utils/retry.go:238.85,240.2 1 0
jsfinder/pkg/utils/retry.go:243.87,244.46 1 0
jsfinder/pkg/utils/retry.go:244.46,245.42 1 0
jsfinder/pkg/utils/retry.go:245.42,248.4 2 0
jsfinder/pkg/utils/retry.go:266.55,270.20 3 0
jsfinder/pkg/utils/retry.go:270.20,272.3 1 0
jsfinder/pkg/utils/retry.go:272.8,274.3 1 0
jsfinder/pkg/utils/retry.go:276.2,276.25 1 0
jsfinder/pkg/utils/retry.go:276.25,278.3 1 0
jsfinder/pkg/utils/retry.go:281.2,281.37 1 0
jsfinder/pkg/utils/retry.go:281.37,283.3 1 0
jsfinder/pkg/utils/retry.go:285.2,285.34 1 0
jsfinder/pkg/utils/retry.go:285.34,287.3 1 0
jsfinder/pkg/utils/retry.go:290.2,290.27 1 0
jsfinder/pkg/utils/retry.go:290.27,293.3 1 0
jsfinder/pkg/utils/retry.go:297.38,301.2 2 0
jsfinder/pkg/utils/timeout.go:19.44,26.2 1 0
jsfinder/pkg/utils/timeout.go:29.41,36.2 1 0
jsfinder/pkg/utils/timeout.go:39.44,46.2 1 0
jsfinder/pkg/utils/timeout.go:71.79,72.19 1 0
jsfinder/pkg/utils/timeout.go:72.19,74.3 1 0
jsfinder/pkg/utils/timeout.go:76.2,76.19 1 0
jsfinder/pkg/utils/timeout.go:76.19,78.3 1 0
jsfinder/pkg/utils/timeout.go:80.2,94.11 4 0
jsfinder/pkg/utils/timeout.go:98.95,103.18 3 0
jsfinder/pkg/utils/timeout.go:103.18,105.3 1 0
jsfinder/pkg/utils/timeout.go:108.2,126.14 6 0
jsfinder/pkg/utils/timeout.go:130.56,134.48 3 0
jsfinder/pkg/utils/timeout.go:134.48,141.3 5 0
jsfinder/pkg/utils/timeout.go:145.54,149.48 3 0
jsfinder/pkg/utils/timeout.go:149.48,155.3 4 0
jsfinder/pkg/utils/timeout.go:159.52,164.12 4 0
jsfinder/pkg/utils/timeout.go:164.12,165.10 1 0
jsfinder/pkg/utils/timeout.go:166.38,166.38 0 0
jsfinder/pkg/utils/timeout.go:168.11,168.11 0 0
jsfinder/pkg/utils/timeout.go:175.82,179.48 3 0
jsfinder/pkg/utils/timeout.go:179.48,181.3 1 0
jsfinder/pkg/utils/timeout.go:182.2,182.19 1 0
jsfinder/pkg/utils/timeout.go:186.53,190.2 3 0
jsfinder/pkg/utils/timeout.go:193.38,198.39 3 0
jsfinder/pkg/utils/timeout.go:198.39,202.3 3 0
jsfinder/pkg/utils/timeout.go:205.2,210.54 3 0
jsfinder/pkg/utils/timeout.go:214.50,217.52 2 0
jsfinder/pkg/utils/timeout.go:217.52,223.39 4 0
jsfinder/pkg/utils/timeout.go:223.39,225.4 1 0
jsfinder/pkg/utils/timeout.go:226.3,228.36 2 0
jsfinder/pkg/utils/timeout.go:228.36,230.4 1 0
jsfinder/pkg/utils/timeout.go:235.69,241.6 4 0
jsfinder/pkg/utils/timeout.go:241.6,242.10 1 0
jsfinder/pkg/utils/timeout.go:243.21,245.10 1 0
jsfinder/pkg/utils/timeout.go:247.27,249.51 1 0
jsfinder/pkg/utils/timeout.go:249.51,253.5 2 0
jsfinder/pkg/utils/timeout.go:254.4,255.10 2 0
jsfinder/pkg/utils/timeout.go:257.26,260.81 2 0
jsfinder/pkg/utils/timeout.go:262.28,264.65 1 0
jsfinder/pkg/utils/timeout.go:264.65,267.5 1 0
jsfinder/pkg/utils/timeout.go:273.83,279.12 4 0
jsfinder/pkg/utils/timeout.go:279.12,281.3 1 0
jsfinder/pkg/utils/timeout.go:283.2,283.9 1 0
jsfinder/pkg/utils/timeout.go:284.21,285.13 1 0
jsfinder/pkg/utils/timeout.go:286.20,287.90 1 0
jsfinder/pkg/utils/timeout.go:292.81,298.12 4 0
jsfinder/pkg/utils/timeout.go:298.12,300.3 1 0
jsfinder/pkg/utils/timeout.go:302.2,302.9 1 0
jsfinder/pkg/utils/timeout.go:303.21,304.13 1 0
jsfinder/pkg/utils/timeout.go:305.20,306.93 1 0
jsfinder/pkg/utils/timeout.go:317.79,322.2 1 0
jsfinder/pkg/utils/timeout.go:325.81,326.22 1 0
jsfinder/pkg/utils/timeout.go:326.22,331.17 4 0
jsfinder/pkg/utils/timeout.go:331.17,332.27 1 0
jsfinder/pkg/utils/timeout.go:332.27,334.5 1 0
jsfinder/pkg/utils/timeout.go:334.10,336.5 1 0
jsfinder/pkg/utils/timeout.go:337.9,339.4 1 0
jsfinder/pkg/utils/timeout.go:341.3,341.13 1 0
jsfinder/pkg/utils/timeout.go:354.118,361.2 1 0
jsfinder/pkg/utils/timeout.go:364.113,373.32 6 0
jsfinder/pkg/utils/timeout.go:373.32,375.65 2 0
jsfinder/pkg/utils/timeout.go:375.65,380.17 3 0
jsfinder/pkg/utils/timeout.go:380.17,380.32 1 0
jsfinder/pkg/utils/timeout.go:383.4,386.37 3 0
jsfinder/pkg/utils/timeout.go:391.2,392.12 2 0
jsfinder/pkg/utils/timeout.go:392.12,395.3 2 0
jsfinder/pkg/utils/timeout.go:397.2,397.9 1 0
jsfinder/pkg/utils/timeout.go:398.14,399.86 1 0
jsfinder/pkg/utils/timeout.go:400.25,403.34 2 0
jsfinder/pkg/utils/timeout.go:403.34,404.21 1 0
jsfinder/pkg/utils/timeout.go:404.21,406.5 1 0
jsfinder/pkg/utils/timeout.go:410.2,410.16 1 0
jsfinder/pkg/crawler/crawler.go:53.35,72.2 6 10
jsfinder/pkg/crawler/crawler.go:75.52,76.22 1 0
jsfinder/pkg/crawler/crawler.go:76.22,78.3 1 0
jsfinder/pkg/crawler/crawler.go:80.2,80.40 1 0
jsfinder/pkg/crawler/crawler.go:80.40,82.3 1 0
jsfinder/pkg/crawler/crawler.go:83.2,85.30 2 0
jsfinder/pkg/crawler/crawler.go:89.42,90.40 1 1
jsfinder/pkg/crawler/crawler.go:90.40,92.3 1 0
jsfinder/pkg/crawler/crawler.go:93.2,96.21 3 1
jsfinder/pkg/crawler/crawler.go:96.21,98.19 2 0
jsfinder/pkg/crawler/crawler.go:98.19,99.24 1 0
jsfinder/pkg/crawler/crawler.go:99.24,101.5 1 0
jsfinder/pkg/crawler/crawler.go:102.4,102.48 1 0
jsfinder/pkg/crawler/crawler.go:102.48,104.5 1 0
jsfinder/pkg/crawler/crawler.go:108.2,108.22 1 1
jsfinder/pkg/crawler/crawler.go:111.39,112.31 1 1
jsfinder/pkg/crawler/crawler.go:112.31,114.17 2 0
jsfinder/pkg/crawler/crawler.go:114.17,116.4 1 0
jsfinder/pkg/crawler/crawler.go:117.3,117.18 1 0
jsfinder/pkg/crawler/crawler.go:118.8,120.3 1 1
jsfinder/pkg/crawler/crawler.go:121.2,121.12 1 1
jsfinder/pkg/crawler/crawler.go:124.33,125.46 1 1
jsfinder/pkg/crawler/crawler.go:125.46,127.3 1 0
jsfinder/pkg/crawler/crawler.go:130.63,131.31 1 9
jsfinder/pkg/crawler/crawler.go:131.31,133.3 1 4
jsfinder/pkg/crawler/crawler.go:135.2,136.26 2 5
jsfinder/pkg/crawler/crawler.go:136.26,139.3 2 0
jsfinder/pkg/crawler/crawler.go:140.2,152.45 8 5
jsfinder/pkg/crawler/crawler.go:152.45,157.17 3 13
jsfinder/pkg/crawler/crawler.go:157.17,159.4 1 0
jsfinder/pkg/crawler/crawler.go:161.3,162.17 2 13
jsfinder/pkg/crawler/crawler.go:162.17,164.4 1 5
jsfinder/pkg/crawler/crawler.go:165.3,167.29 2 8
jsfinder/pkg/crawler/crawler.go:167.29,169.4 1 5
jsfinder/pkg/crawler/crawler.go:171.3,172.17 2 3
jsfinder/pkg/crawler/crawler.go:172.17,174.4 1 0
jsfinder/pkg/crawler/crawler.go:176.3,176.13 1 3
jsfinder/pkg/crawler/crawler.go:179.2,180.21 2 5
jsfinder/pkg/crawler/crawler.go:180.21,188.3 3 2
jsfinder/pkg/crawler/crawler.go:191.2,200.29 5 3
jsfinder/pkg/crawler/crawler.go:200.29,202.23 2 6
jsfinder/pkg/crawler/crawler.go:202.23,205.17 3 6
jsfinder/pkg/crawler/crawler.go:205.17,205.32 1 6
jsfinder/pkg/crawler/crawler.go:207.4,207.51 1 6
jsfinder/pkg/crawler/crawler.go:207.51,212.5 1 0
jsfinder/pkg/crawler/crawler.go:216.2,217.12 2 3
jsfinder/pkg/crawler/crawler.go:220.66,227.37 2 4
jsfinder/pkg/crawler/crawler.go:227.37,229.33 2 8
jsfinder/pkg/crawler/crawler.go:229.33,230.22 1 22
jsfinder/pkg/crawler/crawler.go:230.22,233.5 2 22
jsfinder/pkg/crawler/crawler.go:238.70,240.16 2 4
jsfinder/pkg/crawler/crawler.go:240.16,242.3 1 0
jsfinder/pkg/crawler/crawler.go:244.2,246.25 3 4
jsfinder/pkg/crawler/crawler.go:246.25,247.50 1 98
jsfinder/pkg/crawler/crawler.go:247.50,248.32 1 14
jsfinder/pkg/crawler/crawler.go:248.32,249.27 1 14
jsfinder/pkg/crawler/crawler.go:249.27,251.38 2 14
jsfinder/pkg/crawler/crawler.go:251.38,253.7 1 11
jsfinder/pkg/crawler/crawler.go:254.6,254.11 1 14
jsfinder/pkg/crawler/crawler.go:258.3,258.70 1 98
jsfinder/pkg/crawler/crawler.go:258.70,260.4 1 94
jsfinder/pkg/crawler/crawler.go:262.2,264.14 2 4
jsfinder/pkg/crawler/crawler.go:267.59,269.16 2 41
jsfinder/pkg/crawler/crawler.go:269.16,271.3 1 0
jsfinder/pkg/crawler/crawler.go:273.2,274.16 2 41
jsfinder/pkg/crawler/crawler.go:274.16,276.3 1 4
jsfinder/pkg/crawler/crawler.go:278.2,278.44 1 37
jsfinder/pkg/crawler/crawler.go:281.58,283.16 2 22
jsfinder/pkg/crawler/crawler.go:283.16,285.3 1 0
jsfinder/pkg/crawler/crawler.go:287.2,288.16 2 22
jsfinder/pkg/crawler/crawler.go:288.16,290.3 1 0
jsfinder/pkg/crawler/crawler.go:293.2,293.43 1 22
jsfinder/pkg/crawler/crawler.go:296.43,300.23 3 24
jsfinder/pkg/crawler/crawler.go:300.23,302.22 2 16
jsfinder/pkg/crawler/crawler.go:302.22,304.4 1 0
jsfinder/pkg/crawler/crawler.go:305.3,305.23 1 16
jsfinder/pkg/crawler/crawler.go:305.23,307.4 1 0
